<?xml version="1.0" encoding="UTF-8"?>
<testsuite xmlns:xsi="http://www.w3.org/2001/XMLSchema-instance" xsi:noNamespaceSchemaLocation="https://maven.apache.org/surefire/maven-failsafe-plugin/xsd/failsafe-test-report.xsd" version="3.0.2" name="fr.takima.training.sampleapplication.IT.StudentControllerTestIT" time="17.187" tests="7" errors="0" skipped="0" failures="0">
  <properties>
[...]
</properties>
  <testcase name="testPostStudent" classname="fr.takima.training.sampleapplication.IT.StudentControllerTestIT" time="0.503">
    <system-out><![CDATA[
  .   ____          _            __ _ _
 /\\ / ___'_ __ _ _(_)_ __  __ _ \ \ \ \
( ( )\___ | '_ | '_| | '_ \/ _` | \ \ \ \
 \\/  ___)| |_)| | | | | || (_| |  ) ) ) )
  '  |____| .__|_| |_|_| |_\__, | / / / /
 =========|_|==============|___/=/_/_/_/

 :: Spring Boot ::                (v3.4.2)

2025-02-04T10:11:01.348+01:00  INFO 7292 --- [           main] f.t.t.s.IT.StudentControllerTestIT       : Starting StudentControllerTestIT using Java 21.0.5 with PID 7292 (started by root in /srv/docker/tp1/backend/simple-api-student)
2025-02-04T10:11:01.351+01:00  INFO 7292 --- [           main] f.t.t.s.IT.StudentControllerTestIT       : No active profile set, falling back to 1 default profile: "default"
2025-02-04T10:11:02.091+01:00  INFO 7292 --- [           main] .s.d.r.c.RepositoryConfigurationDelegate : Bootstrapping Spring Data JPA repositories in DEFAULT mode.
2025-02-04T10:11:02.150+01:00  INFO 7292 --- [           main] .s.d.r.c.RepositoryConfigurationDelegate : Finished Spring Data repository scanning in 51 ms. Found 2 JPA repository interfaces.
2025-02-04T10:11:02.651+01:00  INFO 7292 --- [           main] com.zaxxer.hikari.HikariDataSource       : HikariPool-1 - Starting...
2025-02-04T10:11:02.707+01:00  INFO 7292 --- [           main] org.testcontainers.images.PullPolicy     : Image pull policy will be performed by: DefaultPullPolicy()
2025-02-04T10:11:02.709+01:00  INFO 7292 --- [           main] o.t.utility.ImageNameSubstitutor         : Image name substitution will be performed by: DefaultImageNameSubstitutor (composite of 'ConfigurationFileImageNameSubstitutor' and 'PrefixingImageNameSubstitutor')
2025-02-04T10:11:02.719+01:00  INFO 7292 --- [           main] org.testcontainers.DockerClientFactory   : Testcontainers version: 1.20.4
2025-02-04T10:11:03.181+01:00  INFO 7292 --- [           main] o.t.d.DockerClientProviderStrategy       : Found Docker environment with local Unix socket (unix:///var/run/docker.sock)
2025-02-04T10:11:03.183+01:00  INFO 7292 --- [           main] org.testcontainers.DockerClientFactory   : Docker host IP address is localhost
2025-02-04T10:11:03.195+01:00  INFO 7292 --- [           main] org.testcontainers.DockerClientFactory   : Connected to docker: 
  Server Version: 27.5.1
  API Version: 1.47
  Operating System: Ubuntu 24.04.1 LTS
  Total Memory: 15992 MB
2025-02-04T10:11:03.231+01:00  INFO 7292 --- [           main] tc.testcontainers/ryuk:0.11.0            : Pulling docker image: testcontainers/ryuk:0.11.0. Please be patient; this may take some time but only needs to be done once.
2025-02-04T10:11:03.236+01:00  INFO 7292 --- [           main] o.t.utility.RegistryAuthLocator          : Failure when attempting to lookup auth config. Please ignore if you don't have images in an authenticated registry. Details: (dockerImageName: testcontainers/ryuk:latest, configFile: /root/.docker/config.json, configEnv: DOCKER_AUTH_CONFIG). Falling back to docker-java default behaviour. Exception message: Status 404: No config supplied. Checked in order: /root/.docker/config.json (file not found), DOCKER_AUTH_CONFIG (not set)
2025-02-04T10:11:04.591+01:00  INFO 7292 --- [eam--1327023394] tc.testcontainers/ryuk:0.11.0            : Starting to pull image
2025-02-04T10:11:04.613+01:00  INFO 7292 --- [eam--1327023394] tc.testcontainers/ryuk:0.11.0            : Pulling image layers:  0 pending,  0 downloaded,  0 extracted, (0 bytes/0 bytes)
2025-02-04T10:11:05.334+01:00  INFO 7292 --- [eam--1327023394] tc.testcontainers/ryuk:0.11.0            : Pulling image layers:  2 pending,  1 downloaded,  0 extracted, (117 KB/? MB)
2025-02-04T10:11:05.387+01:00  INFO 7292 --- [eam--1327023394] tc.testcontainers/ryuk:0.11.0            : Pulling image layers:  1 pending,  2 downloaded,  0 extracted, (117 KB/? MB)
2025-02-04T10:11:05.428+01:00  INFO 7292 --- [eam--1327023394] tc.testcontainers/ryuk:0.11.0            : Pulling image layers:  0 pending,  3 downloaded,  0 extracted, (5 MB/10 MB)
2025-02-04T10:11:05.491+01:00  INFO 7292 --- [eam--1327023394] tc.testcontainers/ryuk:0.11.0            : Pulling image layers:  0 pending,  3 downloaded,  1 extracted, (9 MB/10 MB)
2025-02-04T10:11:05.580+01:00  INFO 7292 --- [eam--1327023394] tc.testcontainers/ryuk:0.11.0            : Pulling image layers:  0 pending,  3 downloaded,  2 extracted, (10 MB/10 MB)
2025-02-04T10:11:05.661+01:00  INFO 7292 --- [eam--1327023394] tc.testcontainers/ryuk:0.11.0            : Pulling image layers:  0 pending,  3 downloaded,  3 extracted, (10 MB/10 MB)
2025-02-04T10:11:05.705+01:00  INFO 7292 --- [eam--1327023394] tc.testcontainers/ryuk:0.11.0            : Pull complete. 3 layers, pulled in 1s (downloaded 10 MB at 10 MB/s)
2025-02-04T10:11:05.706+01:00  INFO 7292 --- [           main] tc.testcontainers/ryuk:0.11.0            : Image testcontainers/ryuk:0.11.0 pull took PT2.47389085S
2025-02-04T10:11:05.721+01:00  INFO 7292 --- [           main] tc.testcontainers/ryuk:0.11.0            : Creating container for image: testcontainers/ryuk:0.11.0
2025-02-04T10:11:05.891+01:00  INFO 7292 --- [           main] tc.testcontainers/ryuk:0.11.0            : Container testcontainers/ryuk:0.11.0 is starting: ee03ce296835339b663ba4921211983a0ebba99e4cef2b148dab58515c8e6cf5
2025-02-04T10:11:06.147+01:00  INFO 7292 --- [           main] tc.testcontainers/ryuk:0.11.0            : Container testcontainers/ryuk:0.11.0 started in PT0.42614291S
2025-02-04T10:11:06.150+01:00  INFO 7292 --- [           main] o.t.utility.RyukResourceReaper           : Ryuk started - will monitor and terminate Testcontainers containers on JVM exit
2025-02-04T10:11:06.150+01:00  INFO 7292 --- [           main] org.testcontainers.DockerClientFactory   : Checking the system...
2025-02-04T10:11:06.151+01:00  INFO 7292 --- [           main] org.testcontainers.DockerClientFactory   : ✔︎ Docker server version should be at least 1.6.0
2025-02-04T10:11:06.152+01:00  INFO 7292 --- [           main] tc.postgres:9.6.12                       : Pulling docker image: postgres:9.6.12. Please be patient; this may take some time but only needs to be done once.
2025-02-04T10:11:07.379+01:00  INFO 7292 --- [ream--993188099] tc.postgres:9.6.12                       : Starting to pull image
2025-02-04T10:11:07.380+01:00  INFO 7292 --- [ream--993188099] tc.postgres:9.6.12                       : Pulling image layers:  0 pending,  0 downloaded,  0 extracted, (0 bytes/0 bytes)
2025-02-04T10:11:08.095+01:00  INFO 7292 --- [ream--993188099] tc.postgres:9.6.12                       : Pulling image layers: 13 pending,  1 downloaded,  0 extracted, (46 KB/? MB)
2025-02-04T10:11:08.155+01:00  INFO 7292 --- [ream--993188099] tc.postgres:9.6.12                       : Pulling image layers: 12 pending,  2 downloaded,  0 extracted, (268 KB/? MB)
2025-02-04T10:11:08.367+01:00  INFO 7292 --- [ream--993188099] tc.postgres:9.6.12                       : Pulling image layers: 11 pending,  3 downloaded,  0 extracted, (15 MB/? MB)
2025-02-04T10:11:08.471+01:00  INFO 7292 --- [ream--993188099] tc.postgres:9.6.12                       : Pulling image layers: 10 pending,  4 downloaded,  0 extracted, (17 MB/? MB)
2025-02-04T10:11:08.598+01:00  INFO 7292 --- [ream--993188099] tc.postgres:9.6.12                       : Pulling image layers:  9 pending,  5 downloaded,  0 extracted, (17 MB/? MB)
2025-02-04T10:11:08.723+01:00  INFO 7292 --- [ream--993188099] tc.postgres:9.6.12                       : Pulling image layers:  8 pending,  6 downloaded,  0 extracted, (20 MB/? MB)
2025-02-04T10:11:08.821+01:00  INFO 7292 --- [ream--993188099] tc.postgres:9.6.12                       : Pulling image layers:  7 pending,  7 downloaded,  0 extracted, (21 MB/? MB)
2025-02-04T10:11:08.947+01:00  INFO 7292 --- [ream--993188099] tc.postgres:9.6.12                       : Pulling image layers:  6 pending,  8 downloaded,  0 extracted, (22 MB/? MB)
2025-02-04T10:11:09.062+01:00  INFO 7292 --- [ream--993188099] tc.postgres:9.6.12                       : Pulling image layers:  6 pending,  8 downloaded,  1 extracted, (23 MB/? MB)
2025-02-04T10:11:09.169+01:00  INFO 7292 --- [ream--993188099] tc.postgres:9.6.12                       : Pulling image layers:  5 pending,  9 downloaded,  1 extracted, (27 MB/? MB)
2025-02-04T10:11:09.191+01:00  INFO 7292 --- [ream--993188099] tc.postgres:9.6.12                       : Pulling image layers:  5 pending,  9 downloaded,  2 extracted, (27 MB/? MB)
2025-02-04T10:11:09.249+01:00  INFO 7292 --- [ream--993188099] tc.postgres:9.6.12                       : Pulling image layers:  5 pending,  9 downloaded,  3 extracted, (36 MB/? MB)
2025-02-04T10:11:09.315+01:00  INFO 7292 --- [ream--993188099] tc.postgres:9.6.12                       : Pulling image layers:  5 pending,  9 downloaded,  4 extracted, (47 MB/? MB)
2025-02-04T10:11:09.338+01:00  INFO 7292 --- [ream--993188099] tc.postgres:9.6.12                       : Pulling image layers:  4 pending, 10 downloaded,  4 extracted, (47 MB/? MB)
2025-02-04T10:11:09.498+01:00  INFO 7292 --- [ream--993188099] tc.postgres:9.6.12                       : Pulling image layers:  3 pending, 11 downloaded,  4 extracted, (60 MB/? MB)
2025-02-04T10:11:09.514+01:00  INFO 7292 --- [ream--993188099] tc.postgres:9.6.12                       : Pulling image layers:  3 pending, 11 downloaded,  5 extracted, (60 MB/? MB)
2025-02-04T10:11:09.568+01:00  INFO 7292 --- [ream--993188099] tc.postgres:9.6.12                       : Pulling image layers:  3 pending, 11 downloaded,  6 extracted, (64 MB/? MB)
2025-02-04T10:11:09.624+01:00  INFO 7292 --- [ream--993188099] tc.postgres:9.6.12                       : Pulling image layers:  3 pending, 11 downloaded,  7 extracted, (64 MB/? MB)
2025-02-04T10:11:09.669+01:00  INFO 7292 --- [ream--993188099] tc.postgres:9.6.12                       : Pulling image layers:  3 pending, 11 downloaded,  8 extracted, (67 MB/? MB)
2025-02-04T10:11:09.687+01:00  INFO 7292 --- [ream--993188099] tc.postgres:9.6.12                       : Pulling image layers:  2 pending, 12 downloaded,  8 extracted, (67 MB/? MB)
2025-02-04T10:11:09.766+01:00  INFO 7292 --- [ream--993188099] tc.postgres:9.6.12                       : Pulling image layers:  1 pending, 13 downloaded,  8 extracted, (76 MB/? MB)
2025-02-04T10:11:09.853+01:00  INFO 7292 --- [ream--993188099] tc.postgres:9.6.12                       : Pulling image layers:  0 pending, 14 downloaded,  8 extracted, (76 MB/80 MB)
2025-02-04T10:11:10.910+01:00  INFO 7292 --- [ream--993188099] tc.postgres:9.6.12                       : Pulling image layers:  0 pending, 14 downloaded,  9 extracted, (80 MB/80 MB)
2025-02-04T10:11:10.962+01:00  INFO 7292 --- [ream--993188099] tc.postgres:9.6.12                       : Pulling image layers:  0 pending, 14 downloaded, 10 extracted, (80 MB/80 MB)
2025-02-04T10:11:11.017+01:00  INFO 7292 --- [ream--993188099] tc.postgres:9.6.12                       : Pulling image layers:  0 pending, 14 downloaded, 11 extracted, (80 MB/80 MB)
2025-02-04T10:11:11.067+01:00  INFO 7292 --- [ream--993188099] tc.postgres:9.6.12                       : Pulling image layers:  0 pending, 14 downloaded, 12 extracted, (80 MB/80 MB)
2025-02-04T10:11:11.115+01:00  INFO 7292 --- [ream--993188099] tc.postgres:9.6.12                       : Pulling image layers:  0 pending, 14 downloaded, 13 extracted, (80 MB/80 MB)
2025-02-04T10:11:11.171+01:00  INFO 7292 --- [ream--993188099] tc.postgres:9.6.12                       : Pulling image layers:  0 pending, 14 downloaded, 14 extracted, (80 MB/80 MB)
2025-02-04T10:11:11.213+01:00  INFO 7292 --- [ream--993188099] tc.postgres:9.6.12                       : Pull complete. 14 layers, pulled in 3s (downloaded 80 MB at 26 MB/s)
2025-02-04T10:11:11.213+01:00  INFO 7292 --- [           main] tc.postgres:9.6.12                       : Image postgres:9.6.12 pull took PT5.061269545S
2025-02-04T10:11:11.216+01:00  INFO 7292 --- [           main] tc.postgres:9.6.12                       : Creating container for image: postgres:9.6.12
2025-02-04T10:11:11.389+01:00  INFO 7292 --- [           main] tc.postgres:9.6.12                       : Container postgres:9.6.12 is starting: bd4f935c80829ccd57e27b299d0a1971cc63ec1ac2da6291e4f1ccda30730e02
2025-02-04T10:11:14.729+01:00  INFO 7292 --- [           main] tc.postgres:9.6.12                       : Container postgres:9.6.12 started in PT3.513273003S
2025-02-04T10:11:14.730+01:00  INFO 7292 --- [           main] tc.postgres:9.6.12                       : Container is started (JDBC URL: jdbc:postgresql://localhost:32769/simple-api?loggerLevel=OFF)
2025-02-04T10:11:14.802+01:00  INFO 7292 --- [           main] com.zaxxer.hikari.pool.HikariPool        : HikariPool-1 - Added connection org.testcontainers.jdbc.ConnectionWrapper@1e695be6
2025-02-04T10:11:14.804+01:00  INFO 7292 --- [           main] com.zaxxer.hikari.HikariDataSource       : HikariPool-1 - Start completed.
2025-02-04T10:11:14.848+01:00  INFO 7292 --- [           main] o.hibernate.jpa.internal.util.LogHelper  : HHH000204: Processing PersistenceUnitInfo [name: default]
2025-02-04T10:11:14.899+01:00  INFO 7292 --- [           main] org.hibernate.Version                    : HHH000412: Hibernate ORM core version 6.6.5.Final
2025-02-04T10:11:14.926+01:00  INFO 7292 --- [           main] o.h.c.internal.RegionFactoryInitiator    : HHH000026: Second-level cache disabled
2025-02-04T10:11:15.157+01:00  INFO 7292 --- [           main] o.s.o.j.p.SpringPersistenceUnitInfo      : No LoadTimeWeaver setup: ignoring JPA class transformer
2025-02-04T10:11:15.225+01:00  WARN 7292 --- [           main] org.hibernate.dialect.Dialect            : HHH000511: The 9.6.12 version for [org.hibernate.dialect.PostgreSQLDialect] is no longer supported, hence certain features may not work properly. The minimum supported version is 12.0.0. Check the community dialects project for available legacy versions.
2025-02-04T10:11:15.241+01:00  INFO 7292 --- [           main] org.hibernate.orm.connections.pooling    : HHH10001005: Database info:
	Database JDBC URL [Connecting through datasource 'HikariDataSource (HikariPool-1)']
	Database driver: undefined/unknown
	Database version: 9.6.12
	Autocommit mode: undefined/unknown
	Isolation level: undefined/unknown
	Minimum pool size: undefined/unknown
	Maximum pool size: undefined/unknown
2025-02-04T10:11:15.908+01:00  INFO 7292 --- [           main] o.h.e.t.j.p.i.JtaPlatformInitiator       : HHH000489: No JTA platform available (set 'hibernate.transaction.jta.platform' to enable JTA platform integration)
2025-02-04T10:11:15.910+01:00  INFO 7292 --- [           main] j.LocalContainerEntityManagerFactoryBean : Initialized JPA EntityManagerFactory for persistence unit 'default'
2025-02-04T10:11:16.327+01:00  WARN 7292 --- [           main] JpaBaseConfiguration$JpaWebConfiguration : spring.jpa.open-in-view is enabled by default. Therefore, database queries may be performed during view rendering. Explicitly configure spring.jpa.open-in-view to disable this warning
2025-02-04T10:11:16.374+01:00  INFO 7292 --- [           main] o.s.v.b.OptionalValidatorFactoryBean     : Failed to set up a Bean Validation provider: jakarta.validation.NoProviderFoundException: Unable to create a Configuration, because no Jakarta Validation provider could be found. Add a provider like Hibernate Validator (RI) to your classpath.
2025-02-04T10:11:16.915+01:00  INFO 7292 --- [           main] o.s.b.t.m.w.SpringBootMockServletContext : Initializing Spring TestDispatcherServlet ''
2025-02-04T10:11:16.915+01:00  INFO 7292 --- [           main] o.s.t.web.servlet.TestDispatcherServlet  : Initializing Servlet ''
2025-02-04T10:11:16.923+01:00  INFO 7292 --- [           main] o.s.b.a.e.web.EndpointLinksResolver      : Exposing 1 endpoint beneath base path '/actuator'
2025-02-04T10:11:16.936+01:00  INFO 7292 --- [           main] o.s.t.web.servlet.TestDispatcherServlet  : Completed initialization in 20 ms
2025-02-04T10:11:16.997+01:00  INFO 7292 --- [           main] f.t.t.s.IT.StudentControllerTestIT       : Started StudentControllerTestIT in 15.968 seconds (process running for 16.885)
]]></system-out>
    <system-err><![CDATA[Mockito is currently self-attaching to enable the inline-mock-maker. This will no longer work in future releases of the JDK. Please add Mockito as an agent to your build what is described in Mockito's documentation: https://javadoc.io/doc/org.mockito/mockito-core/latest/org/mockito/Mockito.html#0.3
WARNING: A Java agent has been loaded dynamically (/root/.m2/repository/net/bytebuddy/byte-buddy-agent/1.15.11/byte-buddy-agent-1.15.11.jar)
WARNING: If a serviceability tool is in use, please run with -XX:+EnableDynamicAgentLoading to hide this warning
WARNING: If a serviceability tool is not in use, please run with -Djdk.instrument.traceUsage for more information
WARNING: Dynamic loading of agents will be disallowed by default in a future release
]]></system-err>
  </testcase>
  <testcase name="testUpdateStudent" classname="fr.takima.training.sampleapplication.IT.StudentControllerTestIT" time="0.115"/>
  <testcase name="testPostStudentWithoutDepartment" classname="fr.takima.training.sampleapplication.IT.StudentControllerTestIT" time="0.019">
    <system-out><![CDATA[2025-02-04T10:11:17.726+01:00  WARN 7292 --- [           main] .w.s.m.s.DefaultHandlerExceptionResolver : Resolved [org.springframework.http.converter.HttpMessageNotReadableException: JSON parse error: Unexpected character ('}' (code 125)): was expecting double-quote to start field name]
]]></system-out>
  </testcase>
  <testcase name="testGetNonExistingStudentById" classname="fr.takima.training.sampleapplication.IT.StudentControllerTestIT" time="0.019"/>
  <testcase name="testPostStudentWithoutLastName" classname="fr.takima.training.sampleapplication.IT.StudentControllerTestIT" time="0.018"/>
  <testcase name="testDeleteStudent" classname="fr.takima.training.sampleapplication.IT.StudentControllerTestIT" time="0.033"/>
  <testcase name="testGetStudentById" classname="fr.takima.training.sampleapplication.IT.StudentControllerTestIT" time="0.016"/>
</testsuite>